[2022-01-12 14:41:20] local.ERROR: require(/var/www/test.com/html/laravel/routes/web.php): failed to open stream: No such file or directory {"exception":"[object] (ErrorException(code: 0): require(/var/www/test.com/html/laravel/routes/web.php): failed to open stream: No such file or directory at /var/www/test.com/html/laravel/vendor/laravel/framework/src/Illuminate/Routing/RouteFileRegistrar.php:35)
[stacktrace]
#0 /var/www/test.com/html/laravel/vendor/laravel/framework/src/Illuminate/Routing/RouteFileRegistrar.php(35): Illuminate\\Foundation\\Bootstrap\\HandleExceptions->handleError()
#1 /var/www/test.com/html/laravel/vendor/laravel/framework/src/Illuminate/Routing/RouteFileRegistrar.php(35): require()
#2 /var/www/test.com/html/laravel/vendor/laravel/framework/src/Illuminate/Routing/Router.php(425): Illuminate\\Routing\\RouteFileRegistrar->register()
#3 /var/www/test.com/html/laravel/vendor/laravel/framework/src/Illuminate/Routing/Router.php(382): Illuminate\\Routing\\Router->loadRoutes()
#4 /var/www/test.com/html/laravel/vendor/laravel/framework/src/Illuminate/Routing/RouteRegistrar.php(135): Illuminate\\Routing\\Router->group()
#5 /var/www/test.com/html/laravel/app/Providers/RouteServiceProvider.php(48): Illuminate\\Routing\\RouteRegistrar->group()
#6 /var/www/test.com/html/laravel/vendor/laravel/framework/src/Illuminate/Container/BoundMethod.php(36): App\\Providers\\RouteServiceProvider->App\\Providers\\{closure}()
#7 /var/www/test.com/html/laravel/vendor/laravel/framework/src/Illuminate/Container/Util.php(40): Illuminate\\Container\\BoundMethod::Illuminate\\Container\\{closure}()
#8 /var/www/test.com/html/laravel/vendor/laravel/framework/src/Illuminate/Container/BoundMethod.php(81): Illuminate\\Container\\Util::unwrapIfClosure()
#9 /var/www/test.com/html/laravel/vendor/laravel/framework/src/Illuminate/Container/BoundMethod.php(37): Illuminate\\Container\\BoundMethod::callBoundMethod()
#10 /var/www/test.com/html/laravel/vendor/laravel/framework/src/Illuminate/Container/Container.php(610): Illuminate\\Container\\BoundMethod::call()
#11 /var/www/test.com/html/laravel/vendor/laravel/framework/src/Illuminate/Foundation/Support/Providers/RouteServiceProvider.php(120): Illuminate\\Container\\Container->call()
#12 /var/www/test.com/html/laravel/vendor/laravel/framework/src/Illuminate/Foundation/Support/Providers/RouteServiceProvider.php(45): Illuminate\\Foundation\\Support\\Providers\\RouteServiceProvider->loadRoutes()
#13 /var/www/test.com/html/laravel/vendor/laravel/framework/src/Illuminate/Container/BoundMethod.php(36): Illuminate\\Foundation\\Support\\Providers\\RouteServiceProvider->Illuminate\\Foundation\\Support\\Providers\\{closure}()
#14 /var/www/test.com/html/laravel/vendor/laravel/framework/src/Illuminate/Container/Util.php(40): Illuminate\\Container\\BoundMethod::Illuminate\\Container\\{closure}()
#15 /var/www/test.com/html/laravel/vendor/laravel/framework/src/Illuminate/Container/BoundMethod.php(81): Illuminate\\Container\\Util::unwrapIfClosure()
#16 /var/www/test.com/html/laravel/vendor/laravel/framework/src/Illuminate/Container/BoundMethod.php(37): Illuminate\\Container\\BoundMethod::callBoundMethod()
#17 /var/www/test.com/html/laravel/vendor/laravel/framework/src/Illuminate/Container/Container.php(610): Illuminate\\Container\\BoundMethod::call()
#18 /var/www/test.com/html/laravel/vendor/laravel/framework/src/Illuminate/Support/ServiceProvider.php(113): Illuminate\\Container\\Container->call()
#19 /var/www/test.com/html/laravel/vendor/laravel/framework/src/Illuminate/Foundation/Application.php(902): Illuminate\\Support\\ServiceProvider->callBootedCallbacks()
#20 /var/www/test.com/html/laravel/vendor/laravel/framework/src/Illuminate/Foundation/Application.php(880): Illuminate\\Foundation\\Application->bootProvider()
#21 [internal function]: Illuminate\\Foundation\\Application->Illuminate\\Foundation\\{closure}()
#22 /var/www/test.com/html/laravel/vendor/laravel/framework/src/Illuminate/Foundation/Application.php(881): array_walk()
#23 /var/www/test.com/html/laravel/vendor/laravel/framework/src/Illuminate/Foundation/Bootstrap/BootProviders.php(17): Illuminate\\Foundation\\Application->boot()
#24 /var/www/test.com/html/laravel/vendor/laravel/framework/src/Illuminate/Foundation/Application.php(237): Illuminate\\Foundation\\Bootstrap\\BootProviders->bootstrap()
#25 /var/www/test.com/html/laravel/vendor/laravel/framework/src/Illuminate/Foundation/Http/Kernel.php(152): Illuminate\\Foundation\\Application->bootstrapWith()
#26 /var/www/test.com/html/laravel/vendor/laravel/framework/src/Illuminate/Foundation/Http/Kernel.php(136): Illuminate\\Foundation\\Http\\Kernel->bootstrap()
#27 /var/www/test.com/html/laravel/vendor/laravel/framework/src/Illuminate/Foundation/Http/Kernel.php(110): Illuminate\\Foundation\\Http\\Kernel->sendRequestThroughRouter()
#28 /var/www/test.com/html/laravel/public/index.php(52): Illuminate\\Foundation\\Http\\Kernel->handle()
#29 {main}
"} 
[2022-01-12 14:41:23] local.ERROR: require(/var/www/test.com/html/laravel/routes/web.php): failed to open stream: No such file or directory {"exception":"[object] (ErrorException(code: 0): require(/var/www/test.com/html/laravel/routes/web.php): failed to open stream: No such file or directory at /var/www/test.com/html/laravel/vendor/laravel/framework/src/Illuminate/Routing/RouteFileRegistrar.php:35)
[stacktrace]
#0 /var/www/test.com/html/laravel/vendor/laravel/framework/src/Illuminate/Routing/RouteFileRegistrar.php(35): Illuminate\\Foundation\\Bootstrap\\HandleExceptions->handleError()
#1 /var/www/test.com/html/laravel/vendor/laravel/framework/src/Illuminate/Routing/RouteFileRegistrar.php(35): require()
#2 /var/www/test.com/html/laravel/vendor/laravel/framework/src/Illuminate/Routing/Router.php(425): Illuminate\\Routing\\RouteFileRegistrar->register()
#3 /var/www/test.com/html/laravel/vendor/laravel/framework/src/Illuminate/Routing/Router.php(382): Illuminate\\Routing\\Router->loadRoutes()
#4 /var/www/test.com/html/laravel/vendor/laravel/framework/src/Illuminate/Routing/RouteRegistrar.php(135): Illuminate\\Routing\\Router->group()
#5 /var/www/test.com/html/laravel/app/Providers/RouteServiceProvider.php(48): Illuminate\\Routing\\RouteRegistrar->group()
#6 /var/www/test.com/html/laravel/vendor/laravel/framework/src/Illuminate/Container/BoundMethod.php(36): App\\Providers\\RouteServiceProvider->App\\Providers\\{closure}()
#7 /var/www/test.com/html/laravel/vendor/laravel/framework/src/Illuminate/Container/Util.php(40): Illuminate\\Container\\BoundMethod::Illuminate\\Container\\{closure}()
#8 /var/www/test.com/html/laravel/vendor/laravel/framework/src/Illuminate/Container/BoundMethod.php(81): Illuminate\\Container\\Util::unwrapIfClosure()
#9 /var/www/test.com/html/laravel/vendor/laravel/framework/src/Illuminate/Container/BoundMethod.php(37): Illuminate\\Container\\BoundMethod::callBoundMethod()
#10 /var/www/test.com/html/laravel/vendor/laravel/framework/src/Illuminate/Container/Container.php(610): Illuminate\\Container\\BoundMethod::call()
#11 /var/www/test.com/html/laravel/vendor/laravel/framework/src/Illuminate/Foundation/Support/Providers/RouteServiceProvider.php(120): Illuminate\\Container\\Container->call()
#12 /var/www/test.com/html/laravel/vendor/laravel/framework/src/Illuminate/Foundation/Support/Providers/RouteServiceProvider.php(45): Illuminate\\Foundation\\Support\\Providers\\RouteServiceProvider->loadRoutes()
#13 /var/www/test.com/html/laravel/vendor/laravel/framework/src/Illuminate/Container/BoundMethod.php(36): Illuminate\\Foundation\\Support\\Providers\\RouteServiceProvider->Illuminate\\Foundation\\Support\\Providers\\{closure}()
#14 /var/www/test.com/html/laravel/vendor/laravel/framework/src/Illuminate/Container/Util.php(40): Illuminate\\Container\\BoundMethod::Illuminate\\Container\\{closure}()
#15 /var/www/test.com/html/laravel/vendor/laravel/framework/src/Illuminate/Container/BoundMethod.php(81): Illuminate\\Container\\Util::unwrapIfClosure()
#16 /var/www/test.com/html/laravel/vendor/laravel/framework/src/Illuminate/Container/BoundMethod.php(37): Illuminate\\Container\\BoundMethod::callBoundMethod()
#17 /var/www/test.com/html/laravel/vendor/laravel/framework/src/Illuminate/Container/Container.php(610): Illuminate\\Container\\BoundMethod::call()
#18 /var/www/test.com/html/laravel/vendor/laravel/framework/src/Illuminate/Support/ServiceProvider.php(113): Illuminate\\Container\\Container->call()
#19 /var/www/test.com/html/laravel/vendor/laravel/framework/src/Illuminate/Foundation/Application.php(902): Illuminate\\Support\\ServiceProvider->callBootedCallbacks()
#20 /var/www/test.com/html/laravel/vendor/laravel/framework/src/Illuminate/Foundation/Application.php(880): Illuminate\\Foundation\\Application->bootProvider()
#21 [internal function]: Illuminate\\Foundation\\Application->Illuminate\\Foundation\\{closure}()
#22 /var/www/test.com/html/laravel/vendor/laravel/framework/src/Illuminate/Foundation/Application.php(881): array_walk()
#23 /var/www/test.com/html/laravel/vendor/laravel/framework/src/Illuminate/Foundation/Bootstrap/BootProviders.php(17): Illuminate\\Foundation\\Application->boot()
#24 /var/www/test.com/html/laravel/vendor/laravel/framework/src/Illuminate/Foundation/Application.php(237): Illuminate\\Foundation\\Bootstrap\\BootProviders->bootstrap()
#25 /var/www/test.com/html/laravel/vendor/laravel/framework/src/Illuminate/Foundation/Http/Kernel.php(152): Illuminate\\Foundation\\Application->bootstrapWith()
#26 /var/www/test.com/html/laravel/vendor/laravel/framework/src/Illuminate/Foundation/Http/Kernel.php(136): Illuminate\\Foundation\\Http\\Kernel->bootstrap()
#27 /var/www/test.com/html/laravel/vendor/laravel/framework/src/Illuminate/Foundation/Http/Kernel.php(110): Illuminate\\Foundation\\Http\\Kernel->sendRequestThroughRouter()
#28 /var/www/test.com/html/laravel/public/index.php(52): Illuminate\\Foundation\\Http\\Kernel->handle()
#29 {main}
"} 
[2022-01-12 21:04:36] local.ERROR: require(/var/www/test.com/html/laravel/routes/web.php): failed to open stream: No such file or directory {"exception":"[object] (ErrorException(code: 0): require(/var/www/test.com/html/laravel/routes/web.php): failed to open stream: No such file or directory at /var/www/test.com/html/laravel/vendor/laravel/framework/src/Illuminate/Routing/RouteFileRegistrar.php:35)
[stacktrace]
#0 /var/www/test.com/html/laravel/vendor/laravel/framework/src/Illuminate/Routing/RouteFileRegistrar.php(35): Illuminate\\Foundation\\Bootstrap\\HandleExceptions->handleError()
#1 /var/www/test.com/html/laravel/vendor/laravel/framework/src/Illuminate/Routing/RouteFileRegistrar.php(35): require()
#2 /var/www/test.com/html/laravel/vendor/laravel/framework/src/Illuminate/Routing/Router.php(425): Illuminate\\Routing\\RouteFileRegistrar->register()
#3 /var/www/test.com/html/laravel/vendor/laravel/framework/src/Illuminate/Routing/Router.php(382): Illuminate\\Routing\\Router->loadRoutes()
#4 /var/www/test.com/html/laravel/vendor/laravel/framework/src/Illuminate/Routing/RouteRegistrar.php(135): Illuminate\\Routing\\Router->group()
#5 /var/www/test.com/html/laravel/app/Providers/RouteServiceProvider.php(48): Illuminate\\Routing\\RouteRegistrar->group()
#6 /var/www/test.com/html/laravel/vendor/laravel/framework/src/Illuminate/Container/BoundMethod.php(36): App\\Providers\\RouteServiceProvider->App\\Providers\\{closure}()
#7 /var/www/test.com/html/laravel/vendor/laravel/framework/src/Illuminate/Container/Util.php(40): Illuminate\\Container\\BoundMethod::Illuminate\\Container\\{closure}()
#8 /var/www/test.com/html/laravel/vendor/laravel/framework/src/Illuminate/Container/BoundMethod.php(81): Illuminate\\Container\\Util::unwrapIfClosure()
#9 /var/www/test.com/html/laravel/vendor/laravel/framework/src/Illuminate/Container/BoundMethod.php(37): Illuminate\\Container\\BoundMethod::callBoundMethod()
#10 /var/www/test.com/html/laravel/vendor/laravel/framework/src/Illuminate/Container/Container.php(610): Illuminate\\Container\\BoundMethod::call()
#11 /var/www/test.com/html/laravel/vendor/laravel/framework/src/Illuminate/Foundation/Support/Providers/RouteServiceProvider.php(120): Illuminate\\Container\\Container->call()
#12 /var/www/test.com/html/laravel/vendor/laravel/framework/src/Illuminate/Foundation/Support/Providers/RouteServiceProvider.php(45): Illuminate\\Foundation\\Support\\Providers\\RouteServiceProvider->loadRoutes()
#13 /var/www/test.com/html/laravel/vendor/laravel/framework/src/Illuminate/Container/BoundMethod.php(36): Illuminate\\Foundation\\Support\\Providers\\RouteServiceProvider->Illuminate\\Foundation\\Support\\Providers\\{closure}()
#14 /var/www/test.com/html/laravel/vendor/laravel/framework/src/Illuminate/Container/Util.php(40): Illuminate\\Container\\BoundMethod::Illuminate\\Container\\{closure}()
#15 /var/www/test.com/html/laravel/vendor/laravel/framework/src/Illuminate/Container/BoundMethod.php(81): Illuminate\\Container\\Util::unwrapIfClosure()
#16 /var/www/test.com/html/laravel/vendor/laravel/framework/src/Illuminate/Container/BoundMethod.php(37): Illuminate\\Container\\BoundMethod::callBoundMethod()
#17 /var/www/test.com/html/laravel/vendor/laravel/framework/src/Illuminate/Container/Container.php(610): Illuminate\\Container\\BoundMethod::call()
#18 /var/www/test.com/html/laravel/vendor/laravel/framework/src/Illuminate/Support/ServiceProvider.php(113): Illuminate\\Container\\Container->call()
#19 /var/www/test.com/html/laravel/vendor/laravel/framework/src/Illuminate/Foundation/Application.php(902): Illuminate\\Support\\ServiceProvider->callBootedCallbacks()
#20 /var/www/test.com/html/laravel/vendor/laravel/framework/src/Illuminate/Foundation/Application.php(880): Illuminate\\Foundation\\Application->bootProvider()
#21 [internal function]: Illuminate\\Foundation\\Application->Illuminate\\Foundation\\{closure}()
#22 /var/www/test.com/html/laravel/vendor/laravel/framework/src/Illuminate/Foundation/Application.php(881): array_walk()
#23 /var/www/test.com/html/laravel/vendor/laravel/framework/src/Illuminate/Foundation/Bootstrap/BootProviders.php(17): Illuminate\\Foundation\\Application->boot()
#24 /var/www/test.com/html/laravel/vendor/laravel/framework/src/Illuminate/Foundation/Application.php(237): Illuminate\\Foundation\\Bootstrap\\BootProviders->bootstrap()
#25 /var/www/test.com/html/laravel/vendor/laravel/framework/src/Illuminate/Foundation/Http/Kernel.php(152): Illuminate\\Foundation\\Application->bootstrapWith()
#26 /var/www/test.com/html/laravel/vendor/laravel/framework/src/Illuminate/Foundation/Http/Kernel.php(136): Illuminate\\Foundation\\Http\\Kernel->bootstrap()
#27 /var/www/test.com/html/laravel/vendor/laravel/framework/src/Illuminate/Foundation/Http/Kernel.php(110): Illuminate\\Foundation\\Http\\Kernel->sendRequestThroughRouter()
#28 /var/www/test.com/html/laravel/public/index.php(52): Illuminate\\Foundation\\Http\\Kernel->handle()
#29 {main}
"} 
[2022-01-12 21:08:00] local.ERROR: require(/var/www/test.com/html/laravel/routes/web.php): failed to open stream: No such file or directory {"exception":"[object] (ErrorException(code: 0): require(/var/www/test.com/html/laravel/routes/web.php): failed to open stream: No such file or directory at /var/www/test.com/html/laravel/vendor/laravel/framework/src/Illuminate/Routing/RouteFileRegistrar.php:35)
[stacktrace]
#0 /var/www/test.com/html/laravel/vendor/laravel/framework/src/Illuminate/Routing/RouteFileRegistrar.php(35): Illuminate\\Foundation\\Bootstrap\\HandleExceptions->handleError()
#1 /var/www/test.com/html/laravel/vendor/laravel/framework/src/Illuminate/Routing/RouteFileRegistrar.php(35): require()
#2 /var/www/test.com/html/laravel/vendor/laravel/framework/src/Illuminate/Routing/Router.php(425): Illuminate\\Routing\\RouteFileRegistrar->register()
#3 /var/www/test.com/html/laravel/vendor/laravel/framework/src/Illuminate/Routing/Router.php(382): Illuminate\\Routing\\Router->loadRoutes()
#4 /var/www/test.com/html/laravel/vendor/laravel/framework/src/Illuminate/Routing/RouteRegistrar.php(135): Illuminate\\Routing\\Router->group()
#5 /var/www/test.com/html/laravel/app/Providers/RouteServiceProvider.php(48): Illuminate\\Routing\\RouteRegistrar->group()
#6 /var/www/test.com/html/laravel/vendor/laravel/framework/src/Illuminate/Container/BoundMethod.php(36): App\\Providers\\RouteServiceProvider->App\\Providers\\{closure}()
#7 /var/www/test.com/html/laravel/vendor/laravel/framework/src/Illuminate/Container/Util.php(40): Illuminate\\Container\\BoundMethod::Illuminate\\Container\\{closure}()
#8 /var/www/test.com/html/laravel/vendor/laravel/framework/src/Illuminate/Container/BoundMethod.php(81): Illuminate\\Container\\Util::unwrapIfClosure()
#9 /var/www/test.com/html/laravel/vendor/laravel/framework/src/Illuminate/Container/BoundMethod.php(37): Illuminate\\Container\\BoundMethod::callBoundMethod()
#10 /var/www/test.com/html/laravel/vendor/laravel/framework/src/Illuminate/Container/Container.php(610): Illuminate\\Container\\BoundMethod::call()
#11 /var/www/test.com/html/laravel/vendor/laravel/framework/src/Illuminate/Foundation/Support/Providers/RouteServiceProvider.php(120): Illuminate\\Container\\Container->call()
#12 /var/www/test.com/html/laravel/vendor/laravel/framework/src/Illuminate/Foundation/Support/Providers/RouteServiceProvider.php(45): Illuminate\\Foundation\\Support\\Providers\\RouteServiceProvider->loadRoutes()
#13 /var/www/test.com/html/laravel/vendor/laravel/framework/src/Illuminate/Container/BoundMethod.php(36): Illuminate\\Foundation\\Support\\Providers\\RouteServiceProvider->Illuminate\\Foundation\\Support\\Providers\\{closure}()
#14 /var/www/test.com/html/laravel/vendor/laravel/framework/src/Illuminate/Container/Util.php(40): Illuminate\\Container\\BoundMethod::Illuminate\\Container\\{closure}()
#15 /var/www/test.com/html/laravel/vendor/laravel/framework/src/Illuminate/Container/BoundMethod.php(81): Illuminate\\Container\\Util::unwrapIfClosure()
#16 /var/www/test.com/html/laravel/vendor/laravel/framework/src/Illuminate/Container/BoundMethod.php(37): Illuminate\\Container\\BoundMethod::callBoundMethod()
#17 /var/www/test.com/html/laravel/vendor/laravel/framework/src/Illuminate/Container/Container.php(610): Illuminate\\Container\\BoundMethod::call()
#18 /var/www/test.com/html/laravel/vendor/laravel/framework/src/Illuminate/Support/ServiceProvider.php(113): Illuminate\\Container\\Container->call()
#19 /var/www/test.com/html/laravel/vendor/laravel/framework/src/Illuminate/Foundation/Application.php(902): Illuminate\\Support\\ServiceProvider->callBootedCallbacks()
#20 /var/www/test.com/html/laravel/vendor/laravel/framework/src/Illuminate/Foundation/Application.php(880): Illuminate\\Foundation\\Application->bootProvider()
#21 [internal function]: Illuminate\\Foundation\\Application->Illuminate\\Foundation\\{closure}()
#22 /var/www/test.com/html/laravel/vendor/laravel/framework/src/Illuminate/Foundation/Application.php(881): array_walk()
#23 /var/www/test.com/html/laravel/vendor/laravel/framework/src/Illuminate/Foundation/Bootstrap/BootProviders.php(17): Illuminate\\Foundation\\Application->boot()
#24 /var/www/test.com/html/laravel/vendor/laravel/framework/src/Illuminate/Foundation/Application.php(237): Illuminate\\Foundation\\Bootstrap\\BootProviders->bootstrap()
#25 /var/www/test.com/html/laravel/vendor/laravel/framework/src/Illuminate/Foundation/Http/Kernel.php(152): Illuminate\\Foundation\\Application->bootstrapWith()
#26 /var/www/test.com/html/laravel/vendor/laravel/framework/src/Illuminate/Foundation/Http/Kernel.php(136): Illuminate\\Foundation\\Http\\Kernel->bootstrap()
#27 /var/www/test.com/html/laravel/vendor/laravel/framework/src/Illuminate/Foundation/Http/Kernel.php(110): Illuminate\\Foundation\\Http\\Kernel->sendRequestThroughRouter()
#28 /var/www/test.com/html/laravel/public/index.php(52): Illuminate\\Foundation\\Http\\Kernel->handle()
#29 {main}
"} 
[2022-01-12 21:08:03] local.ERROR: require(/var/www/test.com/html/laravel/routes/web.php): failed to open stream: No such file or directory {"exception":"[object] (ErrorException(code: 0): require(/var/www/test.com/html/laravel/routes/web.php): failed to open stream: No such file or directory at /var/www/test.com/html/laravel/vendor/laravel/framework/src/Illuminate/Routing/RouteFileRegistrar.php:35)
[stacktrace]
#0 /var/www/test.com/html/laravel/vendor/laravel/framework/src/Illuminate/Routing/RouteFileRegistrar.php(35): Illuminate\\Foundation\\Bootstrap\\HandleExceptions->handleError()
#1 /var/www/test.com/html/laravel/vendor/laravel/framework/src/Illuminate/Routing/RouteFileRegistrar.php(35): require()
#2 /var/www/test.com/html/laravel/vendor/laravel/framework/src/Illuminate/Routing/Router.php(425): Illuminate\\Routing\\RouteFileRegistrar->register()
#3 /var/www/test.com/html/laravel/vendor/laravel/framework/src/Illuminate/Routing/Router.php(382): Illuminate\\Routing\\Router->loadRoutes()
#4 /var/www/test.com/html/laravel/vendor/laravel/framework/src/Illuminate/Routing/RouteRegistrar.php(135): Illuminate\\Routing\\Router->group()
#5 /var/www/test.com/html/laravel/app/Providers/RouteServiceProvider.php(48): Illuminate\\Routing\\RouteRegistrar->group()
#6 /var/www/test.com/html/laravel/vendor/laravel/framework/src/Illuminate/Container/BoundMethod.php(36): App\\Providers\\RouteServiceProvider->App\\Providers\\{closure}()
#7 /var/www/test.com/html/laravel/vendor/laravel/framework/src/Illuminate/Container/Util.php(40): Illuminate\\Container\\BoundMethod::Illuminate\\Container\\{closure}()
#8 /var/www/test.com/html/laravel/vendor/laravel/framework/src/Illuminate/Container/BoundMethod.php(81): Illuminate\\Container\\Util::unwrapIfClosure()
#9 /var/www/test.com/html/laravel/vendor/laravel/framework/src/Illuminate/Container/BoundMethod.php(37): Illuminate\\Container\\BoundMethod::callBoundMethod()
#10 /var/www/test.com/html/laravel/vendor/laravel/framework/src/Illuminate/Container/Container.php(610): Illuminate\\Container\\BoundMethod::call()
#11 /var/www/test.com/html/laravel/vendor/laravel/framework/src/Illuminate/Foundation/Support/Providers/RouteServiceProvider.php(120): Illuminate\\Container\\Container->call()
#12 /var/www/test.com/html/laravel/vendor/laravel/framework/src/Illuminate/Foundation/Support/Providers/RouteServiceProvider.php(45): Illuminate\\Foundation\\Support\\Providers\\RouteServiceProvider->loadRoutes()
#13 /var/www/test.com/html/laravel/vendor/laravel/framework/src/Illuminate/Container/BoundMethod.php(36): Illuminate\\Foundation\\Support\\Providers\\RouteServiceProvider->Illuminate\\Foundation\\Support\\Providers\\{closure}()
#14 /var/www/test.com/html/laravel/vendor/laravel/framework/src/Illuminate/Container/Util.php(40): Illuminate\\Container\\BoundMethod::Illuminate\\Container\\{closure}()
#15 /var/www/test.com/html/laravel/vendor/laravel/framework/src/Illuminate/Container/BoundMethod.php(81): Illuminate\\Container\\Util::unwrapIfClosure()
#16 /var/www/test.com/html/laravel/vendor/laravel/framework/src/Illuminate/Container/BoundMethod.php(37): Illuminate\\Container\\BoundMethod::callBoundMethod()
#17 /var/www/test.com/html/laravel/vendor/laravel/framework/src/Illuminate/Container/Container.php(610): Illuminate\\Container\\BoundMethod::call()
#18 /var/www/test.com/html/laravel/vendor/laravel/framework/src/Illuminate/Support/ServiceProvider.php(113): Illuminate\\Container\\Container->call()
#19 /var/www/test.com/html/laravel/vendor/laravel/framework/src/Illuminate/Foundation/Application.php(902): Illuminate\\Support\\ServiceProvider->callBootedCallbacks()
#20 /var/www/test.com/html/laravel/vendor/laravel/framework/src/Illuminate/Foundation/Application.php(880): Illuminate\\Foundation\\Application->bootProvider()
#21 [internal function]: Illuminate\\Foundation\\Application->Illuminate\\Foundation\\{closure}()
#22 /var/www/test.com/html/laravel/vendor/laravel/framework/src/Illuminate/Foundation/Application.php(881): array_walk()
#23 /var/www/test.com/html/laravel/vendor/laravel/framework/src/Illuminate/Foundation/Bootstrap/BootProviders.php(17): Illuminate\\Foundation\\Application->boot()
#24 /var/www/test.com/html/laravel/vendor/laravel/framework/src/Illuminate/Foundation/Application.php(237): Illuminate\\Foundation\\Bootstrap\\BootProviders->bootstrap()
#25 /var/www/test.com/html/laravel/vendor/laravel/framework/src/Illuminate/Foundation/Http/Kernel.php(152): Illuminate\\Foundation\\Application->bootstrapWith()
#26 /var/www/test.com/html/laravel/vendor/laravel/framework/src/Illuminate/Foundation/Http/Kernel.php(136): Illuminate\\Foundation\\Http\\Kernel->bootstrap()
#27 /var/www/test.com/html/laravel/vendor/laravel/framework/src/Illuminate/Foundation/Http/Kernel.php(110): Illuminate\\Foundation\\Http\\Kernel->sendRequestThroughRouter()
#28 /var/www/test.com/html/laravel/public/index.php(52): Illuminate\\Foundation\\Http\\Kernel->handle()
#29 {main}
"} 
